<?xml version="1.0" encoding="UTF-8"?>
<!-- Generated by org.testng.reporters.JUnitReportReporter -->
<testsuite hostname="Muklesur-PC" name="com.crm.qa.testcases.LoginPageTest" tests="3" failures="0" timestamp="6 Jan 2019 18:51:51 GMT" time="71.583" errors="0">
  <testcase name="loginTest" time="33.392" classname="com.crm.qa.testcases.LoginPageTest"/>
  <testcase name="loginPageTitleTest" time="19.359" classname="com.crm.qa.testcases.LoginPageTest"/>
  <testcase name="crmLogoImageTest" time="18.832" classname="com.crm.qa.testcases.LoginPageTest"/>
</testsuite> <!-- com.crm.qa.testcases.LoginPageTest -->
